<?xml version="1.0" encoding="UTF-8"?>
<!-- Generated by org.testng.reporters.JUnitXMLReporter -->
<testsuite ignored="0" hostname="vaidyanathan" failures="0" tests="4" name="Test" time="0.069" errors="0" timestamp="2020-04-19T09:03:03 IST">
  <testcase classname="qaclickacademy.restapiTest" name="deletetwitter" time="0.005"/>
  <testcase classname="qaclickacademy.restapiTest" name="postjira" time="0.0"/>
  <testcase classname="qaclickacademy.seleniumTest" name="browserautomation" time="0.001"/>
  <testcase classname="qaclickacademy.seleniumTest" name="elementsui" time="0.0"/>
</testsuite> <!-- Test -->
