<?xml version="1.0" encoding="UTF-8"?>
<testng-results ignored="0" total="4" passed="4" failed="0" skipped="0">
  <reporter-output>
  </reporter-output>
  <suite started-at="2020-04-19T09:03:03 IST" name="Suite" finished-at="2020-04-19T09:03:03 IST" duration-ms="69">
    <groups>
    </groups>
    <test started-at="2020-04-19T09:03:03 IST" name="Test" finished-at="2020-04-19T09:03:03 IST" duration-ms="69">
      <class name="qaclickacademy.restapiTest">
        <test-method signature="deletetwitter()[pri:0, instance:qaclickacademy.restapiTest@25a65b77]" started-at="2020-04-19T09:03:03 IST" name="deletetwitter" finished-at="2020-04-19T09:03:03 IST" duration-ms="5" status="PASS">
          <reporter-output>
          </reporter-output>
        </test-method> <!-- deletetwitter -->
        <test-method signature="postjira()[pri:0, instance:qaclickacademy.restapiTest@25a65b77]" started-at="2020-04-19T09:03:03 IST" name="postjira" finished-at="2020-04-19T09:03:03 IST" duration-ms="0" status="PASS">
          <reporter-output>
          </reporter-output>
        </test-method> <!-- postjira -->
      </class> <!-- qaclickacademy.restapiTest -->
      <class name="qaclickacademy.seleniumTest">
        <test-method signature="browserautomation()[pri:0, instance:qaclickacademy.seleniumTest@2ed0fbae]" started-at="2020-04-19T09:03:03 IST" name="browserautomation" finished-at="2020-04-19T09:03:03 IST" duration-ms="1" status="PASS">
          <reporter-output>
          </reporter-output>
        </test-method> <!-- browserautomation -->
        <test-method signature="elementsui()[pri:0, instance:qaclickacademy.seleniumTest@2ed0fbae]" started-at="2020-04-19T09:03:03 IST" name="elementsui" finished-at="2020-04-19T09:03:03 IST" duration-ms="0" status="PASS">
          <reporter-output>
          </reporter-output>
        </test-method> <!-- elementsui -->
      </class> <!-- qaclickacademy.seleniumTest -->
    </test> <!-- Test -->
  </suite> <!-- Suite -->
</testng-results>
